==1135915== Memcheck, a memory error detector
==1135915== Copyright (C) 2002-2017, and GNU GPL'd, by Julian Seward et al.
==1135915== Using Valgrind-3.18.1 and LibVEX; rerun with -h for copyright info
==1135915== Command: ./push_swap 78\ 1\ 3\ 2
==1135915== Parent PID: 1094418
==1135915== 
==1135915== 
==1135915== Process terminating with default action of signal 13 (SIGPIPE)
==1135915==    at 0x4986887: write (write.c:26)
==1135915==    by 0x10ADDF: ft_putstr_fd (in /home/mlaffita/Documents/push_swap/push_swap)
==1135915==    by 0x10AE1F: ft_putendl_fd (in /home/mlaffita/Documents/push_swap/push_swap)
==1135915==    by 0x109DBA: rotate_a (mv_rot.c:47)
==1135915==    by 0x10A582: move_min_to_top (small_sort.c:21)
==1135915==    by 0x10A739: sort_4 (small_sort.c:57)
==1135915==    by 0x10A8AA: small_sort (small_sort.c:87)
==1135915==    by 0x109341: main (main.c:49)
==1135915== 
==1135915== HEAP SUMMARY:
==1135915==     in use at exit: 96 bytes in 6 blocks
==1135915==   total heap usage: 10 allocs, 4 frees, 105 bytes allocated
==1135915== 
==1135915== 16 bytes in 1 blocks are still reachable in loss record 1 of 6
==1135915==    at 0x4848899: malloc (in /usr/libexec/valgrind/vgpreload_memcheck-amd64-linux.so)
==1135915==    by 0x10AD22: ft_calloc (in /home/mlaffita/Documents/push_swap/push_swap)
==1135915==    by 0x10981E: init_stack (stack.c:19)
==1135915==    by 0x1092B5: main (main.c:42)
==1135915== 
==1135915== 16 bytes in 1 blocks are still reachable in loss record 2 of 6
==1135915==    at 0x4848899: malloc (in /usr/libexec/valgrind/vgpreload_memcheck-amd64-linux.so)
==1135915==    by 0x10AD22: ft_calloc (in /home/mlaffita/Documents/push_swap/push_swap)
==1135915==    by 0x109837: init_stack (stack.c:20)
==1135915==    by 0x1092B5: main (main.c:42)
==1135915== 
==1135915== 16 bytes in 1 blocks are still reachable in loss record 3 of 6
==1135915==    at 0x4848899: malloc (in /usr/libexec/valgrind/vgpreload_memcheck-amd64-linux.so)
==1135915==    by 0x10AD22: ft_calloc (in /home/mlaffita/Documents/push_swap/push_swap)
==1135915==    by 0x109850: init_stack (stack.c:21)
==1135915==    by 0x1092B5: main (main.c:42)
==1135915== 
==1135915== 16 bytes in 1 blocks are still reachable in loss record 4 of 6
==1135915==    at 0x4848899: malloc (in /usr/libexec/valgrind/vgpreload_memcheck-amd64-linux.so)
==1135915==    by 0x10AD22: ft_calloc (in /home/mlaffita/Documents/push_swap/push_swap)
==1135915==    by 0x10986A: init_stack (stack.c:22)
==1135915==    by 0x1092B5: main (main.c:42)
==1135915== 
==1135915== 16 bytes in 1 blocks are still reachable in loss record 5 of 6
==1135915==    at 0x4848899: malloc (in /usr/libexec/valgrind/vgpreload_memcheck-amd64-linux.so)
==1135915==    by 0x10AD22: ft_calloc (in /home/mlaffita/Documents/push_swap/push_swap)
==1135915==    by 0x109884: init_stack (stack.c:23)
==1135915==    by 0x1092B5: main (main.c:42)
==1135915== 
==1135915== 16 bytes in 1 blocks are still reachable in loss record 6 of 6
==1135915==    at 0x4848899: malloc (in /usr/libexec/valgrind/vgpreload_memcheck-amd64-linux.so)
==1135915==    by 0x10AD22: ft_calloc (in /home/mlaffita/Documents/push_swap/push_swap)
==1135915==    by 0x10989E: init_stack (stack.c:24)
==1135915==    by 0x1092B5: main (main.c:42)
==1135915== 
==1135915== LEAK SUMMARY:
==1135915==    definitely lost: 0 bytes in 0 blocks
==1135915==    indirectly lost: 0 bytes in 0 blocks
==1135915==      possibly lost: 0 bytes in 0 blocks
==1135915==    still reachable: 96 bytes in 6 blocks
==1135915==         suppressed: 0 bytes in 0 blocks
==1135915== 
==1135915== For lists of detected and suppressed errors, rerun with: -s
==1135915== ERROR SUMMARY: 0 errors from 0 contexts (suppressed: 0 from 0)
